<?xml version="1.0" encoding="UTF-8"?>
<!-- Generated by org.testng.reporters.JUnitXMLReporter -->
<testsuite ignored="0" hostname="DESKTOP-7JIGI9B" failures="1" tests="3" name="AddToCartTC" time="82.042" errors="0" timestamp="2026-07-23T15:47:38 IST">
  <testcase classname="testsite.AddToCart" name="addtocart" time="26.862"/>
  <testcase classname="testsite.LoginTest" name="Login_With_Valid_Data" time="3.313"/>
  <testcase classname="testsite.ProductSearchTest" name="searchProduct" time="31.258">
    <failure type="java.lang.AssertionError" message="expected [Winter Top] but found []">
      <![CDATA[java.lang.AssertionError: expected [Winter Top] but found []
at testsite.ProductSearchTest.searchProduct(ProductSearchTest.java:25)
at java.base/java.util.ArrayList.forEach(ArrayList.java:1596)
... Removed 31 stack frames]]>
    </failure>
  </testcase> <!-- searchProduct -->
</testsuite> <!-- AddToCartTC -->
