<?xml version="1.0" encoding="UTF-8"?>
<!-- Generated by org.testng.reporters.JUnitXMLReporter -->
<testsuite ignored="0" hostname="DESKTOP-7JIGI9B" failures="0" tests="4" name="LoginTest" time="170.806" errors="0" timestamp="2026-07-25T21:51:02 IST">
  <testcase classname="testsite.Login" name="Login_With_Valid_Data" time="14.186"/>
  <testcase classname="testsite.ProductSearchTest" name="searchProduct" time="17.67"/>
  <testcase classname="testsite.ProductSearchTest" name="searchProduct" time="86.151"/>
  <testcase classname="testsite.AddToCart" name="addtocart" time="5.054"/>
</testsuite> <!-- LoginTest -->
