<?xml version="1.0" encoding="UTF-8"?>
<!-- Generated by org.testng.reporters.JUnitXMLReporter -->
<testsuite ignored="0" hostname="DESKTOP-7JIGI9B" failures="1" tests="2" name="ProductSearchTC" time="67.999" errors="0" timestamp="2026-07-23T15:46:16 IST">
  <testcase classname="testsite.LoginTest" name="Login_With_Valid_Data" time="3.436"/>
  <testcase classname="testsite.ProductSearchTest" name="searchProduct" time="48.808">
    <failure type="java.lang.AssertionError" message="expected [Winter Top] but found []">
      <![CDATA[java.lang.AssertionError: expected [Winter Top] but found []
at testsite.ProductSearchTest.searchProduct(ProductSearchTest.java:25)
at java.base/java.util.ArrayList.forEach(ArrayList.java:1596)
... Removed 31 stack frames]]>
    </failure>
  </testcase> <!-- searchProduct -->
</testsuite> <!-- ProductSearchTC -->
