<?xml version="1.0" encoding="UTF-8"?>
<testng-results ignored="0" total="1" passed="1" failed="0" skipped="0">
  <reporter-output>
  </reporter-output>
  <suite started-at="2026-07-26T14:17:10 IST" name="Default suite" finished-at="2026-07-26T14:18:21 IST" duration-ms="70148">
    <groups>
    </groups>
    <test started-at="2026-07-26T14:17:10 IST" name="Default test" finished-at="2026-07-26T14:18:21 IST" duration-ms="70148">
      <class name="testsite.Login">
        <test-method is-config="true" signature="setup()[pri:0, instance:testsite.Login@22555ebf]" started-at="2026-07-26T14:17:10 IST" name="setup" finished-at="2026-07-26T14:18:04 IST" duration-ms="53534" status="PASS">
          <reporter-output>
          </reporter-output>
        </test-method> <!-- setup -->
        <test-method signature="Login_With_Valid_Data()[pri:1, instance:testsite.Login@22555ebf]" started-at="2026-07-26T14:18:04 IST" name="Login_With_Valid_Data" finished-at="2026-07-26T14:18:19 IST" duration-ms="15403" status="PASS">
          <reporter-output>
          </reporter-output>
        </test-method> <!-- Login_With_Valid_Data -->
        <test-method is-config="true" signature="close()[pri:0, instance:testsite.Login@22555ebf]" started-at="2026-07-26T14:18:19 IST" name="close" finished-at="2026-07-26T14:18:21 IST" duration-ms="1173" status="PASS">
          <reporter-output>
          </reporter-output>
        </test-method> <!-- close -->
      </class> <!-- testsite.Login -->
    </test> <!-- Default test -->
  </suite> <!-- Default suite -->
</testng-results>
