<?xml version="1.0" encoding="UTF-8"?>
<!-- Generated by org.testng.reporters.JUnitReportReporter -->
<testsuite hostname="DESKTOP-7JIGI9B" failures="0" tests="3" name="dataProviderExample.AddExample" time="0.016" errors="0" timestamp="2026-07-25T22:48:55 IST" skipped="0">
  <testcase classname="dataProviderExample.AddExample" name="add" time="0.001"/>
  <testcase classname="dataProviderExample.AddExample" name="add" time="0.014"/>
  <testcase classname="dataProviderExample.AddExample" name="add" time="0.001"/>
</testsuite> <!-- dataProviderExample.AddExample -->
